17-11-22 10:44:37: Namespace(exp_name='PCM_shape_model', out_path='./experiments_PCM', dataroot='./data', src_dataset='shapenet', trgt_dataset='modelnet', epochs=1, model='dgcnn', want_images='False', want_align_loss='False', want_cl='False', views_agregate='maxpool', seed=1, gpus=[0, 1, 2, 3], DefRec_dist='volume_based_voxels', num_regions=3, DefRec_on_src=False, DefRec_on_trgt='False', apply_PCM=True, batch_size=32, test_batch_size=32, optimizer='ADAM', DefRec_weight=0.0, dropout=0.5, mixup_params=1.0, lr=0.001, momentum=0.9, wd=5e-05, tloss=0.0001, alpha=0.01)
17-11-22 10:44:38: Using GPUs [0, 1, 2, 3], from 4 devices available
17-11-22 10:44:45: number of train examples in shapenet: 17378
17-11-22 10:44:45: Occurrences count of classes in shapenet train set: {0: 599, 1: 167, 2: 310, 3: 1076, 4: 4612, 5: 1620, 6: 762, 7: 158, 8: 2198, 9: 5876}
17-11-22 10:44:45: number of train examples in modelnet : 4183
17-11-22 10:44:45: Occurrences count of classes in modelnet train set: {0: 106, 1: 515, 2: 572, 3: 200, 4: 889, 5: 124, 6: 465, 7: 240, 8: 680, 9: 392}
17-11-22 10:44:45: number of test examples in modelnet : 856
17-11-22 10:44:45: Occurrences count of classes in modelnet test set: {0: 50, 1: 100, 2: 100, 3: 86, 4: 100, 5: 20, 6: 100, 7: 100, 8: 100, 9: 100}
17-11-22 10:44:45: Occurrences count of classes in source shapenet train part: {0: 480, 1: 134, 2: 248, 3: 860, 4: 3690, 5: 1296, 6: 610, 7: 126, 8: 1758, 9: 4702}
17-11-22 10:44:45: Occurrences count of classes in source shapenet validation part: {0: 119, 1: 33, 2: 62, 3: 216, 4: 922, 5: 324, 6: 152, 7: 32, 8: 440, 9: 1174}
17-11-22 10:44:45: Occurrences count of classes in target modelnet train part: {0: 86, 1: 411, 2: 458, 3: 160, 4: 711, 5: 100, 6: 371, 7: 192, 8: 544, 9: 314}
17-11-22 10:44:45: Occurrences count of classes in target modelnet validation part: {0: 20, 1: 104, 2: 114, 3: 40, 4: 178, 5: 24, 6: 94, 7: 48, 8: 136, 9: 78}
17-11-22 10:45:58: Trn - Source 0, total loss: 1.8420, mixup loss: 1.8420
17-11-22 10:45:58: Trn - Target 0, DefRec loss: 0.0000
17-11-22 10:46:05: Val - Source 0, acc: 0.5663, avg acc: 0.2077, cls loss: 1.3808
17-11-22 10:46:18: Val - Target 0, acc: 0.2873, avg acc: 0.2078, cls loss: 2.3238
17-11-22 10:46:19: Best model was found at epoch 0, source validation accuracy: 0.5663, source validation loss: 1.3808,target validation accuracy: 0.2873, target validation loss: 2.3238
17-11-22 10:46:19: Best validtion model confusion matrix:
17-11-22 10:46:19: 
[[  0   0   0   0   0   0   0   0   1  19]
 [  0   0   0   0   3   0   0   0   0 101]
 [  0   0   0   0 108   3   0   0   0   3]
 [  0   0   0   0  31   0   0   0   0   9]
 [  0   0   0   0 159   1   0   0   0  15]
 [  0   0   0   0  17   5   0   0   0   2]
 [  0   0   0   0  88   0   0   0   0   6]
 [  0   0   0   0  27  11   0   0   2   8]
 [  0   0   0   0   0   0   0   0   0 135]
 [  0   0   0   0   3   0   0   0   0  75]]
17-11-22 10:46:32: Test - Target 0, acc: 0.2055, avg acc: 0.2150, cls loss: 2.4993
17-11-22 10:46:32: target test accuracy: 0.2055, target test loss: 2.3238
17-11-22 10:46:32: Test confusion matrix:
17-11-22 10:46:32: 
[[  0   0   0   0   0   0   0   0   0  50]
 [  0   0   0   0   0   0   0   0   0 100]
 [  0   0   0   0  96   4   0   0   0   0]
 [  0   0   0   0  68   0   0   0   0  18]
 [  0   0   0   0  90   1   0   0   0   9]
 [  0   0   0   0  15   5   0   0   0   0]
 [  0   0   0   0  93   0   0   0   0   7]
 [  0   0   0   0  53  32   0   0   2  13]
 [  0   0   0   0   3   0   0   0   0  97]
 [  0   0   0   0   0   0   0   0   0  76]]
17-11-22 10:48:35: Namespace(exp_name='PCM_shape_model', out_path='./experiments_PCM', dataroot='./data', src_dataset='shapenet', trgt_dataset='modelnet', epochs=150, model='dgcnn', want_images='False', want_align_loss='False', want_cl='False', views_agregate='maxpool', seed=1, gpus=[0, 1, 2, 3], DefRec_dist='volume_based_voxels', num_regions=3, DefRec_on_src=False, DefRec_on_trgt='False', apply_PCM=True, batch_size=32, test_batch_size=32, optimizer='ADAM', DefRec_weight=0.0, dropout=0.5, mixup_params=1.0, lr=0.001, momentum=0.9, wd=5e-05, tloss=0.0001, alpha=0.01)
17-11-22 10:48:35: Using GPUs [0, 1, 2, 3], from 4 devices available
17-11-22 10:48:42: number of train examples in shapenet: 17378
17-11-22 10:48:42: Occurrences count of classes in shapenet train set: {0: 599, 1: 167, 2: 310, 3: 1076, 4: 4612, 5: 1620, 6: 762, 7: 158, 8: 2198, 9: 5876}
17-11-22 10:48:43: number of train examples in modelnet : 4183
17-11-22 10:48:43: Occurrences count of classes in modelnet train set: {0: 106, 1: 515, 2: 572, 3: 200, 4: 889, 5: 124, 6: 465, 7: 240, 8: 680, 9: 392}
17-11-22 10:48:43: number of test examples in modelnet : 856
17-11-22 10:48:43: Occurrences count of classes in modelnet test set: {0: 50, 1: 100, 2: 100, 3: 86, 4: 100, 5: 20, 6: 100, 7: 100, 8: 100, 9: 100}
17-11-22 10:48:43: Occurrences count of classes in source shapenet train part: {0: 480, 1: 134, 2: 248, 3: 860, 4: 3690, 5: 1296, 6: 610, 7: 126, 8: 1758, 9: 4702}
17-11-22 10:48:43: Occurrences count of classes in source shapenet validation part: {0: 119, 1: 33, 2: 62, 3: 216, 4: 922, 5: 324, 6: 152, 7: 32, 8: 440, 9: 1174}
17-11-22 10:48:43: Occurrences count of classes in target modelnet train part: {0: 86, 1: 411, 2: 458, 3: 160, 4: 711, 5: 100, 6: 371, 7: 192, 8: 544, 9: 314}
17-11-22 10:48:43: Occurrences count of classes in target modelnet validation part: {0: 20, 1: 104, 2: 114, 3: 40, 4: 178, 5: 24, 6: 94, 7: 48, 8: 136, 9: 78}
17-11-22 10:49:53: Trn - Source 0, total loss: 1.8420, mixup loss: 1.8420
17-11-22 10:49:53: Trn - Target 0, DefRec loss: 0.0000
17-11-22 10:50:00: Val - Source 0, acc: 0.5663, avg acc: 0.2077, cls loss: 1.3808
17-11-22 10:50:13: Val - Target 0, acc: 0.2873, avg acc: 0.2078, cls loss: 2.3238
17-11-22 10:51:17: Trn - Source 1, total loss: 1.6348, mixup loss: 1.6348
17-11-22 10:51:17: Trn - Target 1, DefRec loss: 0.0000
17-11-22 10:51:23: Val - Source 1, acc: 0.6560, avg acc: 0.3035, cls loss: 1.1022
17-11-22 10:51:37: Val - Target 1, acc: 0.4423, avg acc: 0.3367, cls loss: 1.9647
17-11-22 10:52:43: Trn - Source 2, total loss: 1.4637, mixup loss: 1.4637
17-11-22 10:52:43: Trn - Target 2, DefRec loss: 0.0000
17-11-22 10:52:49: Val - Source 2, acc: 0.7601, avg acc: 0.4389, cls loss: 0.8320
17-11-22 10:53:03: Val - Target 2, acc: 0.5637, avg acc: 0.4554, cls loss: 2.0987
17-11-22 10:54:07: Trn - Source 3, total loss: 1.3349, mixup loss: 1.3349
17-11-22 10:54:07: Trn - Target 3, DefRec loss: 0.0000
17-11-22 10:54:14: Val - Source 3, acc: 0.7726, avg acc: 0.4452, cls loss: 0.7905
17-11-22 10:54:27: Val - Target 3, acc: 0.5072, avg acc: 0.4267, cls loss: 2.0167
17-11-22 10:55:32: Trn - Source 4, total loss: 1.2908, mixup loss: 1.2908
17-11-22 10:55:32: Trn - Target 4, DefRec loss: 0.0000
17-11-22 10:55:39: Val - Source 4, acc: 0.8212, avg acc: 0.5189, cls loss: 0.6822
17-11-22 10:55:52: Val - Target 4, acc: 0.6070, avg acc: 0.5433, cls loss: 1.5969
17-11-22 10:56:56: Trn - Source 5, total loss: 1.2083, mixup loss: 1.2083
17-11-22 10:56:56: Trn - Target 5, DefRec loss: 0.0000
17-11-22 10:57:03: Val - Source 5, acc: 0.7844, avg acc: 0.5273, cls loss: 0.7383
17-11-22 10:57:16: Val - Target 5, acc: 0.5469, avg acc: 0.5329, cls loss: 1.7029
17-11-22 10:58:19: Trn - Source 6, total loss: 1.2095, mixup loss: 1.2095
17-11-22 10:58:19: Trn - Target 6, DefRec loss: 0.0000
17-11-22 10:58:26: Val - Source 6, acc: 0.8296, avg acc: 0.5546, cls loss: 0.6038
17-11-22 10:58:39: Val - Target 6, acc: 0.5865, avg acc: 0.5528, cls loss: 1.5988
17-11-22 10:59:44: Trn - Source 7, total loss: 1.1440, mixup loss: 1.1440
17-11-22 10:59:44: Trn - Target 7, DefRec loss: 0.0000
17-11-22 10:59:50: Val - Source 7, acc: 0.8333, avg acc: 0.5695, cls loss: 0.5804
17-11-22 11:00:04: Val - Target 7, acc: 0.5601, avg acc: 0.5540, cls loss: 1.4117
17-11-22 11:01:07: Trn - Source 8, total loss: 1.1081, mixup loss: 1.1081
17-11-22 11:01:07: Trn - Target 8, DefRec loss: 0.0000
17-11-22 11:01:14: Val - Source 8, acc: 0.8689, avg acc: 0.5885, cls loss: 0.5262
17-11-22 11:01:27: Val - Target 8, acc: 0.6274, avg acc: 0.6094, cls loss: 1.3297
17-11-22 11:02:25: Trn - Source 9, total loss: 1.1188, mixup loss: 1.1188
17-11-22 11:02:25: Trn - Target 9, DefRec loss: 0.0000
17-11-22 11:02:32: Val - Source 9, acc: 0.8380, avg acc: 0.5619, cls loss: 0.5504
17-11-22 11:02:46: Val - Target 9, acc: 0.6142, avg acc: 0.5920, cls loss: 1.2942
17-11-22 11:03:52: Trn - Source 10, total loss: 1.0813, mixup loss: 1.0813
17-11-22 11:03:52: Trn - Target 10, DefRec loss: 0.0000
17-11-22 11:03:59: Val - Source 10, acc: 0.8435, avg acc: 0.6218, cls loss: 0.5932
17-11-22 11:04:12: Val - Target 10, acc: 0.6286, avg acc: 0.6612, cls loss: 1.1929
17-11-22 11:05:16: Trn - Source 11, total loss: 1.0729, mixup loss: 1.0729
17-11-22 11:05:16: Trn - Target 11, DefRec loss: 0.0000
17-11-22 11:05:23: Val - Source 11, acc: 0.8507, avg acc: 0.5844, cls loss: 0.5429
17-11-22 11:05:36: Val - Target 11, acc: 0.6298, avg acc: 0.6151, cls loss: 1.2705
17-11-22 11:06:42: Trn - Source 12, total loss: 1.0722, mixup loss: 1.0722
17-11-22 11:06:42: Trn - Target 12, DefRec loss: 0.0000
17-11-22 11:06:49: Val - Source 12, acc: 0.8351, avg acc: 0.6346, cls loss: 0.5666
17-11-22 11:07:02: Val - Target 12, acc: 0.6935, avg acc: 0.6744, cls loss: 1.1208
17-11-22 11:08:08: Trn - Source 13, total loss: 1.0027, mixup loss: 1.0027
17-11-22 11:08:08: Trn - Target 13, DefRec loss: 0.0000
17-11-22 11:08:14: Val - Source 13, acc: 0.8831, avg acc: 0.6604, cls loss: 0.4192
17-11-22 11:08:28: Val - Target 13, acc: 0.6659, avg acc: 0.6562, cls loss: 1.1333
17-11-22 11:09:32: Trn - Source 14, total loss: 1.0252, mixup loss: 1.0252
17-11-22 11:09:32: Trn - Target 14, DefRec loss: 0.0000
17-11-22 11:09:38: Val - Source 14, acc: 0.8831, avg acc: 0.6262, cls loss: 0.4380
17-11-22 11:09:52: Val - Target 14, acc: 0.6370, avg acc: 0.6269, cls loss: 1.2836
17-11-22 11:10:55: Trn - Source 15, total loss: 1.0448, mixup loss: 1.0448
17-11-22 11:10:55: Trn - Target 15, DefRec loss: 0.0000
17-11-22 11:11:02: Val - Source 15, acc: 0.8446, avg acc: 0.6060, cls loss: 0.5198
17-11-22 11:11:16: Val - Target 15, acc: 0.6130, avg acc: 0.6183, cls loss: 1.1660
17-11-22 11:12:21: Trn - Source 16, total loss: 1.0123, mixup loss: 1.0123
17-11-22 11:12:21: Trn - Target 16, DefRec loss: 0.0000
17-11-22 11:12:28: Val - Source 16, acc: 0.9074, avg acc: 0.7093, cls loss: 0.3995
17-11-22 11:12:41: Val - Target 16, acc: 0.6827, avg acc: 0.6547, cls loss: 1.0089
17-11-22 11:13:47: Trn - Source 17, total loss: 1.0317, mixup loss: 1.0317
17-11-22 11:13:47: Trn - Target 17, DefRec loss: 0.0000
17-11-22 11:13:54: Val - Source 17, acc: 0.8857, avg acc: 0.6924, cls loss: 0.4533
17-11-22 11:14:07: Val - Target 17, acc: 0.6731, avg acc: 0.6547, cls loss: 0.9873
17-11-22 11:15:12: Trn - Source 18, total loss: 0.9903, mixup loss: 0.9903
17-11-22 11:15:12: Trn - Target 18, DefRec loss: 0.0000
17-11-22 11:15:19: Val - Source 18, acc: 0.8996, avg acc: 0.6946, cls loss: 0.4005
17-11-22 11:15:32: Val - Target 18, acc: 0.6635, avg acc: 0.6602, cls loss: 1.0007
17-11-22 11:16:35: Trn - Source 19, total loss: 0.9768, mixup loss: 0.9768
17-11-22 11:16:35: Trn - Target 19, DefRec loss: 0.0000
17-11-22 11:16:42: Val - Source 19, acc: 0.8843, avg acc: 0.7475, cls loss: 0.4428
17-11-22 11:16:56: Val - Target 19, acc: 0.7103, avg acc: 0.7347, cls loss: 0.9302
17-11-22 11:18:02: Trn - Source 20, total loss: 0.9958, mixup loss: 0.9958
17-11-22 11:18:02: Trn - Target 20, DefRec loss: 0.0000
17-11-22 11:18:08: Val - Source 20, acc: 0.8646, avg acc: 0.6126, cls loss: 0.4662
17-11-22 11:18:22: Val - Target 20, acc: 0.6202, avg acc: 0.6229, cls loss: 1.4005
17-11-22 11:19:25: Trn - Source 21, total loss: 0.9809, mixup loss: 0.9809
17-11-22 11:19:25: Trn - Target 21, DefRec loss: 0.0000
17-11-22 11:19:31: Val - Source 21, acc: 0.8947, avg acc: 0.7468, cls loss: 0.4069
17-11-22 11:19:45: Val - Target 21, acc: 0.7212, avg acc: 0.7319, cls loss: 0.8062
17-11-22 11:20:48: Trn - Source 22, total loss: 0.9275, mixup loss: 0.9275
17-11-22 11:20:48: Trn - Target 22, DefRec loss: 0.0000
17-11-22 11:20:55: Val - Source 22, acc: 0.9068, avg acc: 0.7323, cls loss: 0.3810
17-11-22 11:21:08: Val - Target 22, acc: 0.6779, avg acc: 0.6759, cls loss: 1.0012
17-11-22 11:22:14: Trn - Source 23, total loss: 0.9639, mixup loss: 0.9639
17-11-22 11:22:14: Trn - Target 23, DefRec loss: 0.0000
17-11-22 11:22:20: Val - Source 23, acc: 0.8666, avg acc: 0.7445, cls loss: 0.5097
17-11-22 11:22:34: Val - Target 23, acc: 0.6575, avg acc: 0.7021, cls loss: 1.0969
17-11-22 11:23:36: Trn - Source 24, total loss: 0.9646, mixup loss: 0.9646
17-11-22 11:23:36: Trn - Target 24, DefRec loss: 0.0000
17-11-22 11:23:42: Val - Source 24, acc: 0.8802, avg acc: 0.6917, cls loss: 0.4364
17-11-22 11:23:56: Val - Target 24, acc: 0.6623, avg acc: 0.6740, cls loss: 1.0511
17-11-22 11:25:01: Trn - Source 25, total loss: 0.9461, mixup loss: 0.9461
17-11-22 11:25:01: Trn - Target 25, DefRec loss: 0.0000
17-11-22 11:25:08: Val - Source 25, acc: 0.9112, avg acc: 0.8004, cls loss: 0.4113
17-11-22 11:25:21: Val - Target 25, acc: 0.7404, avg acc: 0.7548, cls loss: 0.8546
17-11-22 11:26:25: Trn - Source 26, total loss: 0.9259, mixup loss: 0.9259
17-11-22 11:26:25: Trn - Target 26, DefRec loss: 0.0000
17-11-22 11:26:32: Val - Source 26, acc: 0.8967, avg acc: 0.7214, cls loss: 0.3707
17-11-22 11:26:45: Val - Target 26, acc: 0.7224, avg acc: 0.7061, cls loss: 1.0540
17-11-22 11:27:51: Trn - Source 27, total loss: 0.9553, mixup loss: 0.9553
17-11-22 11:27:51: Trn - Target 27, DefRec loss: 0.0000
17-11-22 11:27:58: Val - Source 27, acc: 0.8883, avg acc: 0.7418, cls loss: 0.4270
17-11-22 11:28:11: Val - Target 27, acc: 0.6719, avg acc: 0.6501, cls loss: 1.0854
17-11-22 11:29:14: Trn - Source 28, total loss: 0.9770, mixup loss: 0.9770
17-11-22 11:29:14: Trn - Target 28, DefRec loss: 0.0000
17-11-22 11:29:21: Val - Source 28, acc: 0.8507, avg acc: 0.6526, cls loss: 0.5024
17-11-22 11:29:34: Val - Target 28, acc: 0.6635, avg acc: 0.6553, cls loss: 1.0552
17-11-22 11:30:35: Trn - Source 29, total loss: 0.9387, mixup loss: 0.9387
17-11-22 11:30:35: Trn - Target 29, DefRec loss: 0.0000
17-11-22 11:30:41: Val - Source 29, acc: 0.9016, avg acc: 0.6989, cls loss: 0.3596
17-11-22 11:30:55: Val - Target 29, acc: 0.7103, avg acc: 0.6664, cls loss: 1.0237
17-11-22 11:31:59: Trn - Source 30, total loss: 0.9142, mixup loss: 0.9142
17-11-22 11:31:59: Trn - Target 30, DefRec loss: 0.0000
17-11-22 11:32:06: Val - Source 30, acc: 0.9190, avg acc: 0.7812, cls loss: 0.3337
17-11-22 11:32:19: Val - Target 30, acc: 0.7332, avg acc: 0.7153, cls loss: 0.8093
17-11-22 11:33:24: Trn - Source 31, total loss: 0.9097, mixup loss: 0.9097
17-11-22 11:33:24: Trn - Target 31, DefRec loss: 0.0000
17-11-22 11:33:31: Val - Source 31, acc: 0.9054, avg acc: 0.6979, cls loss: 0.3647
17-11-22 11:33:44: Val - Target 31, acc: 0.6815, avg acc: 0.6639, cls loss: 1.0903
17-11-22 11:34:43: Trn - Source 32, total loss: 0.9401, mixup loss: 0.9401
17-11-22 11:34:43: Trn - Target 32, DefRec loss: 0.0000
17-11-22 11:34:49: Val - Source 32, acc: 0.8950, avg acc: 0.7258, cls loss: 0.4290
17-11-22 11:35:03: Val - Target 32, acc: 0.6827, avg acc: 0.6770, cls loss: 1.1305
17-11-22 11:36:05: Trn - Source 33, total loss: 0.9097, mixup loss: 0.9097
17-11-22 11:36:05: Trn - Target 33, DefRec loss: 0.0000
17-11-22 11:36:12: Val - Source 33, acc: 0.8929, avg acc: 0.7318, cls loss: 0.4254
17-11-22 11:36:25: Val - Target 33, acc: 0.6815, avg acc: 0.6886, cls loss: 1.0120
17-11-22 11:37:27: Trn - Source 34, total loss: 0.9017, mixup loss: 0.9017
17-11-22 11:37:27: Trn - Target 34, DefRec loss: 0.0000
17-11-22 11:37:33: Val - Source 34, acc: 0.9144, avg acc: 0.7800, cls loss: 0.3774
17-11-22 11:37:46: Val - Target 34, acc: 0.7139, avg acc: 0.7261, cls loss: 0.9071
17-11-22 11:38:49: Trn - Source 35, total loss: 0.9197, mixup loss: 0.9197
17-11-22 11:38:49: Trn - Target 35, DefRec loss: 0.0000
17-11-22 11:38:56: Val - Source 35, acc: 0.9210, avg acc: 0.7748, cls loss: 0.3109
17-11-22 11:39:09: Val - Target 35, acc: 0.7476, avg acc: 0.7305, cls loss: 0.7810
17-11-22 11:40:10: Trn - Source 36, total loss: 0.9468, mixup loss: 0.9468
17-11-22 11:40:10: Trn - Target 36, DefRec loss: 0.0000
17-11-22 11:40:17: Val - Source 36, acc: 0.9100, avg acc: 0.7595, cls loss: 0.3749
17-11-22 11:40:30: Val - Target 36, acc: 0.6719, avg acc: 0.6710, cls loss: 0.9884
17-11-22 11:41:31: Trn - Source 37, total loss: 0.8911, mixup loss: 0.8911
17-11-22 11:41:31: Trn - Target 37, DefRec loss: 0.0000
17-11-22 11:41:38: Val - Source 37, acc: 0.8741, avg acc: 0.7174, cls loss: 0.4249
17-11-22 11:41:51: Val - Target 37, acc: 0.6947, avg acc: 0.6788, cls loss: 1.1289
17-11-22 11:42:56: Trn - Source 38, total loss: 0.9219, mixup loss: 0.9219
17-11-22 11:42:56: Trn - Target 38, DefRec loss: 0.0000
17-11-22 11:43:03: Val - Source 38, acc: 0.8915, avg acc: 0.7133, cls loss: 0.4167
17-11-22 11:43:16: Val - Target 38, acc: 0.7560, avg acc: 0.7186, cls loss: 1.0172
17-11-22 11:44:21: Trn - Source 39, total loss: 0.9390, mixup loss: 0.9390
17-11-22 11:44:21: Trn - Target 39, DefRec loss: 0.0000
17-11-22 11:44:27: Val - Source 39, acc: 0.9062, avg acc: 0.7559, cls loss: 0.3765
17-11-22 11:44:41: Val - Target 39, acc: 0.6935, avg acc: 0.6940, cls loss: 1.0731
17-11-22 11:45:43: Trn - Source 40, total loss: 0.8793, mixup loss: 0.8793
17-11-22 11:45:43: Trn - Target 40, DefRec loss: 0.0000
17-11-22 11:45:50: Val - Source 40, acc: 0.8993, avg acc: 0.7696, cls loss: 0.3669
17-11-22 11:46:03: Val - Target 40, acc: 0.7320, avg acc: 0.7255, cls loss: 0.8537
17-11-22 11:47:07: Trn - Source 41, total loss: 0.9282, mixup loss: 0.9282
17-11-22 11:47:07: Trn - Target 41, DefRec loss: 0.0000
17-11-22 11:47:13: Val - Source 41, acc: 0.9071, avg acc: 0.7845, cls loss: 0.3631
17-11-22 11:47:27: Val - Target 41, acc: 0.7212, avg acc: 0.7258, cls loss: 0.8898
17-11-22 11:48:27: Trn - Source 42, total loss: 0.8993, mixup loss: 0.8993
17-11-22 11:48:27: Trn - Target 42, DefRec loss: 0.0000
17-11-22 11:48:34: Val - Source 42, acc: 0.8976, avg acc: 0.7746, cls loss: 0.4126
17-11-22 11:48:47: Val - Target 42, acc: 0.7079, avg acc: 0.7191, cls loss: 0.9084
17-11-22 11:49:52: Trn - Source 43, total loss: 0.8885, mixup loss: 0.8885
17-11-22 11:49:52: Trn - Target 43, DefRec loss: 0.0000
17-11-22 11:49:59: Val - Source 43, acc: 0.9089, avg acc: 0.7236, cls loss: 0.3591
17-11-22 11:50:13: Val - Target 43, acc: 0.7019, avg acc: 0.6853, cls loss: 0.9434
17-11-22 11:51:18: Trn - Source 44, total loss: 0.8839, mixup loss: 0.8839
17-11-22 11:51:18: Trn - Target 44, DefRec loss: 0.0000
17-11-22 11:51:25: Val - Source 44, acc: 0.9190, avg acc: 0.7983, cls loss: 0.3290
17-11-22 11:51:39: Val - Target 44, acc: 0.7560, avg acc: 0.7318, cls loss: 0.7755
17-11-22 11:52:43: Trn - Source 45, total loss: 0.8989, mixup loss: 0.8989
17-11-22 11:52:43: Trn - Target 45, DefRec loss: 0.0000
17-11-22 11:52:50: Val - Source 45, acc: 0.8993, avg acc: 0.7311, cls loss: 0.4198
17-11-22 11:53:03: Val - Target 45, acc: 0.7019, avg acc: 0.7121, cls loss: 0.8368
17-11-22 11:54:07: Trn - Source 46, total loss: 0.9097, mixup loss: 0.9097
17-11-22 11:54:07: Trn - Target 46, DefRec loss: 0.0000
17-11-22 11:54:13: Val - Source 46, acc: 0.9045, avg acc: 0.7136, cls loss: 0.3660
17-11-22 11:54:27: Val - Target 46, acc: 0.7007, avg acc: 0.6956, cls loss: 1.0520
17-11-22 11:55:24: Trn - Source 47, total loss: 0.8695, mixup loss: 0.8695
17-11-22 11:55:24: Trn - Target 47, DefRec loss: 0.0000
17-11-22 11:55:31: Val - Source 47, acc: 0.9123, avg acc: 0.7745, cls loss: 0.3523
17-11-22 11:55:44: Val - Target 47, acc: 0.7175, avg acc: 0.7153, cls loss: 0.9374
17-11-22 11:56:46: Trn - Source 48, total loss: 0.8766, mixup loss: 0.8766
17-11-22 11:56:46: Trn - Target 48, DefRec loss: 0.0000
17-11-22 11:56:52: Val - Source 48, acc: 0.9178, avg acc: 0.8073, cls loss: 0.3425
17-11-22 11:57:06: Val - Target 48, acc: 0.8029, avg acc: 0.7713, cls loss: 0.6312
17-11-22 11:58:10: Trn - Source 49, total loss: 0.9057, mixup loss: 0.9057
17-11-22 11:58:10: Trn - Target 49, DefRec loss: 0.0000
17-11-22 11:58:17: Val - Source 49, acc: 0.9210, avg acc: 0.8018, cls loss: 0.3418
17-11-22 11:58:30: Val - Target 49, acc: 0.7356, avg acc: 0.7406, cls loss: 0.8181
17-11-22 11:59:29: Trn - Source 50, total loss: 0.8558, mixup loss: 0.8558
17-11-22 11:59:29: Trn - Target 50, DefRec loss: 0.0000
17-11-22 11:59:36: Val - Source 50, acc: 0.9222, avg acc: 0.7708, cls loss: 0.3088
17-11-22 11:59:49: Val - Target 50, acc: 0.7356, avg acc: 0.7398, cls loss: 0.8072
17-11-22 12:00:53: Trn - Source 51, total loss: 0.9047, mixup loss: 0.9047
17-11-22 12:00:53: Trn - Target 51, DefRec loss: 0.0000
17-11-22 12:01:00: Val - Source 51, acc: 0.9019, avg acc: 0.7721, cls loss: 0.3777
17-11-22 12:01:13: Val - Target 51, acc: 0.7007, avg acc: 0.6969, cls loss: 0.9937
17-11-22 12:02:16: Trn - Source 52, total loss: 0.9268, mixup loss: 0.9268
17-11-22 12:02:16: Trn - Target 52, DefRec loss: 0.0000
17-11-22 12:02:23: Val - Source 52, acc: 0.9277, avg acc: 0.8195, cls loss: 0.3181
17-11-22 12:02:36: Val - Target 52, acc: 0.7656, avg acc: 0.7600, cls loss: 0.7228
17-11-22 12:03:40: Trn - Source 53, total loss: 0.8839, mixup loss: 0.8839
17-11-22 12:03:40: Trn - Target 53, DefRec loss: 0.0000
17-11-22 12:03:47: Val - Source 53, acc: 0.9236, avg acc: 0.7838, cls loss: 0.3417
17-11-22 12:04:01: Val - Target 53, acc: 0.7296, avg acc: 0.7212, cls loss: 0.7915
17-11-22 12:05:06: Trn - Source 54, total loss: 0.8579, mixup loss: 0.8579
17-11-22 12:05:06: Trn - Target 54, DefRec loss: 0.0000
17-11-22 12:05:12: Val - Source 54, acc: 0.9190, avg acc: 0.7995, cls loss: 0.3269
17-11-22 12:05:26: Val - Target 54, acc: 0.7596, avg acc: 0.7434, cls loss: 0.7697
17-11-22 12:06:24: Trn - Source 55, total loss: 0.8806, mixup loss: 0.8806
17-11-22 12:06:24: Trn - Target 55, DefRec loss: 0.0000
17-11-22 12:06:31: Val - Source 55, acc: 0.9227, avg acc: 0.7885, cls loss: 0.3259
17-11-22 12:06:44: Val - Target 55, acc: 0.7416, avg acc: 0.7426, cls loss: 0.8506
17-11-22 12:07:48: Trn - Source 56, total loss: 0.8721, mixup loss: 0.8721
17-11-22 12:07:48: Trn - Target 56, DefRec loss: 0.0000
17-11-22 12:07:55: Val - Source 56, acc: 0.9167, avg acc: 0.7961, cls loss: 0.3412
17-11-22 12:08:08: Val - Target 56, acc: 0.7464, avg acc: 0.7263, cls loss: 0.7849
17-11-22 12:09:13: Trn - Source 57, total loss: 0.8737, mixup loss: 0.8737
17-11-22 12:09:13: Trn - Target 57, DefRec loss: 0.0000
17-11-22 12:09:20: Val - Source 57, acc: 0.9259, avg acc: 0.7909, cls loss: 0.3081
17-11-22 12:09:33: Val - Target 57, acc: 0.7127, avg acc: 0.7137, cls loss: 0.8663
17-11-22 12:10:37: Trn - Source 58, total loss: 0.8714, mixup loss: 0.8714
17-11-22 12:10:37: Trn - Target 58, DefRec loss: 0.0000
17-11-22 12:10:44: Val - Source 58, acc: 0.9172, avg acc: 0.7932, cls loss: 0.3437
17-11-22 12:10:57: Val - Target 58, acc: 0.7416, avg acc: 0.7381, cls loss: 0.8739
17-11-22 12:12:01: Trn - Source 59, total loss: 0.8241, mixup loss: 0.8241
17-11-22 12:12:01: Trn - Target 59, DefRec loss: 0.0000
17-11-22 12:12:08: Val - Source 59, acc: 0.9265, avg acc: 0.7871, cls loss: 0.3082
17-11-22 12:12:22: Val - Target 59, acc: 0.7428, avg acc: 0.7333, cls loss: 0.8907
17-11-22 12:13:25: Trn - Source 60, total loss: 0.8538, mixup loss: 0.8538
17-11-22 12:13:25: Trn - Target 60, DefRec loss: 0.0000
17-11-22 12:13:32: Val - Source 60, acc: 0.9332, avg acc: 0.8097, cls loss: 0.2989
17-11-22 12:13:45: Val - Target 60, acc: 0.7296, avg acc: 0.7147, cls loss: 0.8252
17-11-22 12:14:48: Trn - Source 61, total loss: 0.8421, mixup loss: 0.8421
17-11-22 12:14:48: Trn - Target 61, DefRec loss: 0.0000
17-11-22 12:14:55: Val - Source 61, acc: 0.9248, avg acc: 0.7945, cls loss: 0.2907
17-11-22 12:15:08: Val - Target 61, acc: 0.7284, avg acc: 0.7261, cls loss: 0.9395
17-11-22 12:16:13: Trn - Source 62, total loss: 0.8658, mixup loss: 0.8658
17-11-22 12:16:13: Trn - Target 62, DefRec loss: 0.0000
17-11-22 12:16:19: Val - Source 62, acc: 0.9187, avg acc: 0.7935, cls loss: 0.3251
17-11-22 12:16:33: Val - Target 62, acc: 0.7500, avg acc: 0.7487, cls loss: 0.6944
17-11-22 12:17:35: Trn - Source 63, total loss: 0.8477, mixup loss: 0.8477
17-11-22 12:17:35: Trn - Target 63, DefRec loss: 0.0000
17-11-22 12:17:42: Val - Source 63, acc: 0.9167, avg acc: 0.7558, cls loss: 0.3277
17-11-22 12:17:55: Val - Target 63, acc: 0.7031, avg acc: 0.6876, cls loss: 0.9348
17-11-22 12:18:59: Trn - Source 64, total loss: 0.8559, mixup loss: 0.8559
17-11-22 12:18:59: Trn - Target 64, DefRec loss: 0.0000
17-11-22 12:19:06: Val - Source 64, acc: 0.9346, avg acc: 0.7898, cls loss: 0.2914
17-11-22 12:19:19: Val - Target 64, acc: 0.7428, avg acc: 0.7413, cls loss: 0.7737
17-11-22 12:20:25: Trn - Source 65, total loss: 0.8380, mixup loss: 0.8380
17-11-22 12:20:25: Trn - Target 65, DefRec loss: 0.0000
17-11-22 12:20:32: Val - Source 65, acc: 0.9274, avg acc: 0.8041, cls loss: 0.3148
17-11-22 12:20:45: Val - Target 65, acc: 0.7548, avg acc: 0.7650, cls loss: 0.7063
17-11-22 12:21:50: Trn - Source 66, total loss: 0.8632, mixup loss: 0.8632
17-11-22 12:21:50: Trn - Target 66, DefRec loss: 0.0000
17-11-22 12:21:57: Val - Source 66, acc: 0.9225, avg acc: 0.8219, cls loss: 0.3281
17-11-22 12:22:10: Val - Target 66, acc: 0.7632, avg acc: 0.7590, cls loss: 0.6969
17-11-22 12:23:10: Trn - Source 67, total loss: 0.8423, mixup loss: 0.8423
17-11-22 12:23:10: Trn - Target 67, DefRec loss: 0.0000
17-11-22 12:23:17: Val - Source 67, acc: 0.9239, avg acc: 0.7778, cls loss: 0.3229
17-11-22 12:23:30: Val - Target 67, acc: 0.7584, avg acc: 0.7552, cls loss: 0.7339
17-11-22 12:24:37: Trn - Source 68, total loss: 0.8512, mixup loss: 0.8512
17-11-22 12:24:37: Trn - Target 68, DefRec loss: 0.0000
17-11-22 12:24:43: Val - Source 68, acc: 0.9138, avg acc: 0.7626, cls loss: 0.3637
17-11-22 12:24:57: Val - Target 68, acc: 0.7452, avg acc: 0.7238, cls loss: 0.7719
17-11-22 12:25:57: Trn - Source 69, total loss: 0.8488, mixup loss: 0.8488
17-11-22 12:25:57: Trn - Target 69, DefRec loss: 0.0000
17-11-22 12:26:04: Val - Source 69, acc: 0.9141, avg acc: 0.7954, cls loss: 0.3211
17-11-22 12:26:17: Val - Target 69, acc: 0.7536, avg acc: 0.7611, cls loss: 0.7367
17-11-22 12:27:21: Trn - Source 70, total loss: 0.8043, mixup loss: 0.8043
17-11-22 12:27:21: Trn - Target 70, DefRec loss: 0.0000
17-11-22 12:27:28: Val - Source 70, acc: 0.9271, avg acc: 0.8262, cls loss: 0.2789
17-11-22 12:27:41: Val - Target 70, acc: 0.7788, avg acc: 0.7790, cls loss: 0.6936
17-11-22 12:28:46: Trn - Source 71, total loss: 0.8456, mixup loss: 0.8456
17-11-22 12:28:46: Trn - Target 71, DefRec loss: 0.0000
17-11-22 12:28:52: Val - Source 71, acc: 0.9334, avg acc: 0.8192, cls loss: 0.2797
17-11-22 12:29:06: Val - Target 71, acc: 0.8005, avg acc: 0.7926, cls loss: 0.6266
17-11-22 12:30:10: Trn - Source 72, total loss: 0.8347, mixup loss: 0.8347
17-11-22 12:30:10: Trn - Target 72, DefRec loss: 0.0000
17-11-22 12:30:17: Val - Source 72, acc: 0.9343, avg acc: 0.7993, cls loss: 0.2639
17-11-22 12:30:30: Val - Target 72, acc: 0.7296, avg acc: 0.7252, cls loss: 0.8145
17-11-22 12:31:36: Trn - Source 73, total loss: 0.8190, mixup loss: 0.8190
17-11-22 12:31:36: Trn - Target 73, DefRec loss: 0.0000
17-11-22 12:31:43: Val - Source 73, acc: 0.9378, avg acc: 0.8029, cls loss: 0.2848
17-11-22 12:31:56: Val - Target 73, acc: 0.7272, avg acc: 0.7280, cls loss: 0.8198
17-11-22 12:33:00: Trn - Source 74, total loss: 0.8209, mixup loss: 0.8209
17-11-22 12:33:00: Trn - Target 74, DefRec loss: 0.0000
17-11-22 12:33:07: Val - Source 74, acc: 0.9343, avg acc: 0.8305, cls loss: 0.2836
17-11-22 12:33:21: Val - Target 74, acc: 0.7800, avg acc: 0.7749, cls loss: 0.6550
17-11-22 12:34:22: Trn - Source 75, total loss: 0.7821, mixup loss: 0.7821
17-11-22 12:34:22: Trn - Target 75, DefRec loss: 0.0000
17-11-22 12:34:29: Val - Source 75, acc: 0.9308, avg acc: 0.8060, cls loss: 0.2883
17-11-22 12:34:42: Val - Target 75, acc: 0.7488, avg acc: 0.7247, cls loss: 0.7633
17-11-22 12:35:48: Trn - Source 76, total loss: 0.8234, mixup loss: 0.8234
17-11-22 12:35:48: Trn - Target 76, DefRec loss: 0.0000
17-11-22 12:35:54: Val - Source 76, acc: 0.9349, avg acc: 0.8012, cls loss: 0.2742
17-11-22 12:36:07: Val - Target 76, acc: 0.7452, avg acc: 0.7297, cls loss: 0.7672
17-11-22 12:37:11: Trn - Source 77, total loss: 0.8407, mixup loss: 0.8407
17-11-22 12:37:11: Trn - Target 77, DefRec loss: 0.0000
17-11-22 12:37:18: Val - Source 77, acc: 0.9265, avg acc: 0.8140, cls loss: 0.2926
17-11-22 12:37:31: Val - Target 77, acc: 0.7596, avg acc: 0.7449, cls loss: 0.7259
17-11-22 12:38:35: Trn - Source 78, total loss: 0.8238, mixup loss: 0.8238
17-11-22 12:38:35: Trn - Target 78, DefRec loss: 0.0000
17-11-22 12:38:41: Val - Source 78, acc: 0.9314, avg acc: 0.8419, cls loss: 0.2947
17-11-22 12:38:55: Val - Target 78, acc: 0.7716, avg acc: 0.7604, cls loss: 0.7111
17-11-22 12:39:54: Trn - Source 79, total loss: 0.8212, mixup loss: 0.8212
17-11-22 12:39:54: Trn - Target 79, DefRec loss: 0.0000
17-11-22 12:40:01: Val - Source 79, acc: 0.9349, avg acc: 0.8249, cls loss: 0.3035
17-11-22 12:40:15: Val - Target 79, acc: 0.7909, avg acc: 0.7927, cls loss: 0.6204
17-11-22 12:41:17: Trn - Source 80, total loss: 0.8240, mixup loss: 0.8240
17-11-22 12:41:17: Trn - Target 80, DefRec loss: 0.0000
17-11-22 12:41:24: Val - Source 80, acc: 0.9337, avg acc: 0.8401, cls loss: 0.2815
17-11-22 12:41:37: Val - Target 80, acc: 0.8149, avg acc: 0.8019, cls loss: 0.5939
17-11-22 12:42:35: Trn - Source 81, total loss: 0.8035, mixup loss: 0.8035
17-11-22 12:42:35: Trn - Target 81, DefRec loss: 0.0000
17-11-22 12:42:42: Val - Source 81, acc: 0.9352, avg acc: 0.8502, cls loss: 0.2835
17-11-22 12:42:55: Val - Target 81, acc: 0.7740, avg acc: 0.7575, cls loss: 0.6784
17-11-22 12:43:57: Trn - Source 82, total loss: 0.8347, mixup loss: 0.8347
17-11-22 12:43:57: Trn - Target 82, DefRec loss: 0.0000
17-11-22 12:44:03: Val - Source 82, acc: 0.9363, avg acc: 0.8047, cls loss: 0.2710
17-11-22 12:44:17: Val - Target 82, acc: 0.7332, avg acc: 0.7260, cls loss: 0.7990
17-11-22 12:45:22: Trn - Source 83, total loss: 0.7803, mixup loss: 0.7803
17-11-22 12:45:22: Trn - Target 83, DefRec loss: 0.0000
17-11-22 12:45:29: Val - Source 83, acc: 0.9366, avg acc: 0.8371, cls loss: 0.2732
17-11-22 12:45:42: Val - Target 83, acc: 0.7728, avg acc: 0.7550, cls loss: 0.6728
17-11-22 12:46:43: Trn - Source 84, total loss: 0.7654, mixup loss: 0.7654
17-11-22 12:46:43: Trn - Target 84, DefRec loss: 0.0000
17-11-22 12:46:50: Val - Source 84, acc: 0.9332, avg acc: 0.8488, cls loss: 0.2565
17-11-22 12:47:03: Val - Target 84, acc: 0.7873, avg acc: 0.7728, cls loss: 0.6418
17-11-22 12:48:01: Trn - Source 85, total loss: 0.8499, mixup loss: 0.8499
17-11-22 12:48:01: Trn - Target 85, DefRec loss: 0.0000
17-11-22 12:48:07: Val - Source 85, acc: 0.9329, avg acc: 0.8255, cls loss: 0.2698
17-11-22 12:48:21: Val - Target 85, acc: 0.7608, avg acc: 0.7507, cls loss: 0.6895
17-11-22 12:49:23: Trn - Source 86, total loss: 0.8098, mixup loss: 0.8098
17-11-22 12:49:23: Trn - Target 86, DefRec loss: 0.0000
17-11-22 12:49:29: Val - Source 86, acc: 0.9346, avg acc: 0.8388, cls loss: 0.2648
17-11-22 12:49:43: Val - Target 86, acc: 0.8065, avg acc: 0.7867, cls loss: 0.5794
17-11-22 12:50:44: Trn - Source 87, total loss: 0.7987, mixup loss: 0.7987
17-11-22 12:50:44: Trn - Target 87, DefRec loss: 0.0000
17-11-22 12:50:51: Val - Source 87, acc: 0.9300, avg acc: 0.8063, cls loss: 0.2721
17-11-22 12:51:04: Val - Target 87, acc: 0.7440, avg acc: 0.7355, cls loss: 0.7555
17-11-22 12:52:08: Trn - Source 88, total loss: 0.8113, mixup loss: 0.8113
17-11-22 12:52:08: Trn - Target 88, DefRec loss: 0.0000
17-11-22 12:52:15: Val - Source 88, acc: 0.9300, avg acc: 0.8284, cls loss: 0.2582
17-11-22 12:52:28: Val - Target 88, acc: 0.7548, avg acc: 0.7549, cls loss: 0.7152
17-11-22 12:53:30: Trn - Source 89, total loss: 0.7992, mixup loss: 0.7992
17-11-22 12:53:30: Trn - Target 89, DefRec loss: 0.0000
17-11-22 12:53:37: Val - Source 89, acc: 0.9361, avg acc: 0.8443, cls loss: 0.2654
17-11-22 12:53:50: Val - Target 89, acc: 0.7945, avg acc: 0.7835, cls loss: 0.5866
17-11-22 12:54:50: Trn - Source 90, total loss: 0.7893, mixup loss: 0.7893
17-11-22 12:54:50: Trn - Target 90, DefRec loss: 0.0000
17-11-22 12:54:57: Val - Source 90, acc: 0.9361, avg acc: 0.8317, cls loss: 0.2685
17-11-22 12:55:10: Val - Target 90, acc: 0.7873, avg acc: 0.7675, cls loss: 0.6188
17-11-22 12:56:12: Trn - Source 91, total loss: 0.8274, mixup loss: 0.8274
17-11-22 12:56:12: Trn - Target 91, DefRec loss: 0.0000
17-11-22 12:56:19: Val - Source 91, acc: 0.9352, avg acc: 0.8410, cls loss: 0.2629
17-11-22 12:56:32: Val - Target 91, acc: 0.7776, avg acc: 0.7764, cls loss: 0.7032
17-11-22 12:57:29: Trn - Source 92, total loss: 0.7650, mixup loss: 0.7650
17-11-22 12:57:29: Trn - Target 92, DefRec loss: 0.0000
17-11-22 12:57:36: Val - Source 92, acc: 0.9363, avg acc: 0.8227, cls loss: 0.2616
17-11-22 12:57:50: Val - Target 92, acc: 0.7728, avg acc: 0.7523, cls loss: 0.6868
17-11-22 12:58:49: Trn - Source 93, total loss: 0.8029, mixup loss: 0.8029
17-11-22 12:58:49: Trn - Target 93, DefRec loss: 0.0000
17-11-22 12:58:56: Val - Source 93, acc: 0.9363, avg acc: 0.8341, cls loss: 0.2603
17-11-22 12:59:09: Val - Target 93, acc: 0.7368, avg acc: 0.7267, cls loss: 0.8047
17-11-22 13:00:09: Trn - Source 94, total loss: 0.7866, mixup loss: 0.7866
17-11-22 13:00:09: Trn - Target 94, DefRec loss: 0.0000
17-11-22 13:00:15: Val - Source 94, acc: 0.9355, avg acc: 0.8298, cls loss: 0.2707
17-11-22 13:00:29: Val - Target 94, acc: 0.7969, avg acc: 0.7753, cls loss: 0.5943
17-11-22 13:01:33: Trn - Source 95, total loss: 0.7817, mixup loss: 0.7817
17-11-22 13:01:33: Trn - Target 95, DefRec loss: 0.0000
17-11-22 13:01:40: Val - Source 95, acc: 0.9358, avg acc: 0.8449, cls loss: 0.2733
17-11-22 13:01:53: Val - Target 95, acc: 0.8005, avg acc: 0.7802, cls loss: 0.6034
17-11-22 13:02:52: Trn - Source 96, total loss: 0.8063, mixup loss: 0.8063
17-11-22 13:02:52: Trn - Target 96, DefRec loss: 0.0000
17-11-22 13:02:58: Val - Source 96, acc: 0.9372, avg acc: 0.8564, cls loss: 0.2669
17-11-22 13:03:12: Val - Target 96, acc: 0.8305, avg acc: 0.8111, cls loss: 0.5064
17-11-22 13:04:16: Trn - Source 97, total loss: 0.8069, mixup loss: 0.8069
17-11-22 13:04:16: Trn - Target 97, DefRec loss: 0.0000
17-11-22 13:04:23: Val - Source 97, acc: 0.9326, avg acc: 0.8392, cls loss: 0.2622
17-11-22 13:04:36: Val - Target 97, acc: 0.8041, avg acc: 0.7860, cls loss: 0.6061
17-11-22 13:05:36: Trn - Source 98, total loss: 0.7822, mixup loss: 0.7822
17-11-22 13:05:36: Trn - Target 98, DefRec loss: 0.0000
17-11-22 13:05:43: Val - Source 98, acc: 0.9459, avg acc: 0.8542, cls loss: 0.2463
17-11-22 13:05:56: Val - Target 98, acc: 0.8005, avg acc: 0.7900, cls loss: 0.6016
17-11-22 13:06:57: Trn - Source 99, total loss: 0.7752, mixup loss: 0.7752
17-11-22 13:06:57: Trn - Target 99, DefRec loss: 0.0000
17-11-22 13:07:04: Val - Source 99, acc: 0.9372, avg acc: 0.8418, cls loss: 0.2525
17-11-22 13:07:17: Val - Target 99, acc: 0.7897, avg acc: 0.7646, cls loss: 0.6259
17-11-22 13:08:21: Trn - Source 100, total loss: 0.7927, mixup loss: 0.7927
17-11-22 13:08:21: Trn - Target 100, DefRec loss: 0.0000
17-11-22 13:08:28: Val - Source 100, acc: 0.9444, avg acc: 0.8524, cls loss: 0.2597
17-11-22 13:08:41: Val - Target 100, acc: 0.7969, avg acc: 0.7821, cls loss: 0.6108
17-11-22 13:09:40: Trn - Source 101, total loss: 0.7962, mixup loss: 0.7962
17-11-22 13:09:40: Trn - Target 101, DefRec loss: 0.0000
17-11-22 13:09:46: Val - Source 101, acc: 0.9439, avg acc: 0.8540, cls loss: 0.2525
17-11-22 13:10:00: Val - Target 101, acc: 0.7981, avg acc: 0.7869, cls loss: 0.5914
17-11-22 13:11:04: Trn - Source 102, total loss: 0.7327, mixup loss: 0.7327
17-11-22 13:11:04: Trn - Target 102, DefRec loss: 0.0000
17-11-22 13:11:10: Val - Source 102, acc: 0.9352, avg acc: 0.8536, cls loss: 0.2538
17-11-22 13:11:24: Val - Target 102, acc: 0.8377, avg acc: 0.8251, cls loss: 0.4939
17-11-22 13:12:27: Trn - Source 103, total loss: 0.7943, mixup loss: 0.7943
17-11-22 13:12:27: Trn - Target 103, DefRec loss: 0.0000
17-11-22 13:12:34: Val - Source 103, acc: 0.9413, avg acc: 0.8469, cls loss: 0.2591
17-11-22 13:12:47: Val - Target 103, acc: 0.8281, avg acc: 0.7966, cls loss: 0.5532
17-11-22 13:13:45: Trn - Source 104, total loss: 0.7700, mixup loss: 0.7700
17-11-22 13:13:45: Trn - Target 104, DefRec loss: 0.0000
17-11-22 13:13:52: Val - Source 104, acc: 0.9404, avg acc: 0.8491, cls loss: 0.2678
17-11-22 13:14:05: Val - Target 104, acc: 0.8017, avg acc: 0.7945, cls loss: 0.5793
17-11-22 13:15:05: Trn - Source 105, total loss: 0.7619, mixup loss: 0.7619
17-11-22 13:15:05: Trn - Target 105, DefRec loss: 0.0000
17-11-22 13:15:12: Val - Source 105, acc: 0.9381, avg acc: 0.8533, cls loss: 0.2458
17-11-22 13:15:25: Val - Target 105, acc: 0.8329, avg acc: 0.8192, cls loss: 0.5074
17-11-22 13:16:27: Trn - Source 106, total loss: 0.7430, mixup loss: 0.7430
17-11-22 13:16:27: Trn - Target 106, DefRec loss: 0.0000
17-11-22 13:16:34: Val - Source 106, acc: 0.9404, avg acc: 0.8467, cls loss: 0.2430
17-11-22 13:16:47: Val - Target 106, acc: 0.8137, avg acc: 0.7956, cls loss: 0.5479
17-11-22 13:17:46: Trn - Source 107, total loss: 0.7280, mixup loss: 0.7280
17-11-22 13:17:46: Trn - Target 107, DefRec loss: 0.0000
17-11-22 13:17:52: Val - Source 107, acc: 0.9430, avg acc: 0.8453, cls loss: 0.2396
17-11-22 13:18:06: Val - Target 107, acc: 0.8089, avg acc: 0.7869, cls loss: 0.5784
17-11-22 13:19:09: Trn - Source 108, total loss: 0.7796, mixup loss: 0.7796
17-11-22 13:19:09: Trn - Target 108, DefRec loss: 0.0000
17-11-22 13:19:16: Val - Source 108, acc: 0.9401, avg acc: 0.8133, cls loss: 0.2504
17-11-22 13:19:29: Val - Target 108, acc: 0.7596, avg acc: 0.7406, cls loss: 0.7315
17-11-22 13:20:28: Trn - Source 109, total loss: 0.7639, mixup loss: 0.7639
17-11-22 13:20:28: Trn - Target 109, DefRec loss: 0.0000
17-11-22 13:20:35: Val - Source 109, acc: 0.9418, avg acc: 0.8444, cls loss: 0.2360
17-11-22 13:20:48: Val - Target 109, acc: 0.8257, avg acc: 0.8086, cls loss: 0.5533
17-11-22 13:21:48: Trn - Source 110, total loss: 0.7704, mixup loss: 0.7704
17-11-22 13:21:48: Trn - Target 110, DefRec loss: 0.0000
17-11-22 13:21:55: Val - Source 110, acc: 0.9416, avg acc: 0.8423, cls loss: 0.2434
17-11-22 13:22:08: Val - Target 110, acc: 0.8269, avg acc: 0.8062, cls loss: 0.5665
17-11-22 13:23:09: Trn - Source 111, total loss: 0.7532, mixup loss: 0.7532
17-11-22 13:23:09: Trn - Target 111, DefRec loss: 0.0000
17-11-22 13:23:16: Val - Source 111, acc: 0.9363, avg acc: 0.8337, cls loss: 0.2426
17-11-22 13:23:29: Val - Target 111, acc: 0.8389, avg acc: 0.8130, cls loss: 0.5179
17-11-22 13:24:26: Trn - Source 112, total loss: 0.7520, mixup loss: 0.7520
17-11-22 13:24:26: Trn - Target 112, DefRec loss: 0.0000
17-11-22 13:24:33: Val - Source 112, acc: 0.9381, avg acc: 0.8390, cls loss: 0.2380
17-11-22 13:24:46: Val - Target 112, acc: 0.8173, avg acc: 0.7872, cls loss: 0.5801
17-11-22 13:25:48: Trn - Source 113, total loss: 0.7823, mixup loss: 0.7823
17-11-22 13:25:48: Trn - Target 113, DefRec loss: 0.0000
17-11-22 13:25:54: Val - Source 113, acc: 0.9361, avg acc: 0.8257, cls loss: 0.2552
17-11-22 13:26:08: Val - Target 113, acc: 0.7921, avg acc: 0.7682, cls loss: 0.6376
17-11-22 13:27:12: Trn - Source 114, total loss: 0.7652, mixup loss: 0.7652
17-11-22 13:27:12: Trn - Target 114, DefRec loss: 0.0000
17-11-22 13:27:19: Val - Source 114, acc: 0.9401, avg acc: 0.8444, cls loss: 0.2397
17-11-22 13:27:32: Val - Target 114, acc: 0.7969, avg acc: 0.7822, cls loss: 0.6087
17-11-22 13:28:32: Trn - Source 115, total loss: 0.7961, mixup loss: 0.7961
17-11-22 13:28:32: Trn - Target 115, DefRec loss: 0.0000
17-11-22 13:28:39: Val - Source 115, acc: 0.9444, avg acc: 0.8553, cls loss: 0.2328
17-11-22 13:28:52: Val - Target 115, acc: 0.8017, avg acc: 0.7793, cls loss: 0.5887
17-11-22 13:29:56: Trn - Source 116, total loss: 0.7861, mixup loss: 0.7861
17-11-22 13:29:56: Trn - Target 116, DefRec loss: 0.0000
17-11-22 13:30:03: Val - Source 116, acc: 0.9401, avg acc: 0.8322, cls loss: 0.2461
17-11-22 13:30:16: Val - Target 116, acc: 0.8041, avg acc: 0.7802, cls loss: 0.6055
17-11-22 13:31:17: Trn - Source 117, total loss: 0.7647, mixup loss: 0.7647
17-11-22 13:31:17: Trn - Target 117, DefRec loss: 0.0000
17-11-22 13:31:24: Val - Source 117, acc: 0.9398, avg acc: 0.8477, cls loss: 0.2351
17-11-22 13:31:37: Val - Target 117, acc: 0.8113, avg acc: 0.7811, cls loss: 0.5521
17-11-22 13:32:38: Trn - Source 118, total loss: 0.7295, mixup loss: 0.7295
17-11-22 13:32:38: Trn - Target 118, DefRec loss: 0.0000
17-11-22 13:32:45: Val - Source 118, acc: 0.9427, avg acc: 0.8410, cls loss: 0.2388
17-11-22 13:32:58: Val - Target 118, acc: 0.7993, avg acc: 0.7765, cls loss: 0.6121
17-11-22 13:34:02: Trn - Source 119, total loss: 0.7459, mixup loss: 0.7459
17-11-22 13:34:02: Trn - Target 119, DefRec loss: 0.0000
17-11-22 13:34:09: Val - Source 119, acc: 0.9407, avg acc: 0.8500, cls loss: 0.2291
17-11-22 13:34:22: Val - Target 119, acc: 0.8173, avg acc: 0.7966, cls loss: 0.5537
17-11-22 13:35:25: Trn - Source 120, total loss: 0.7807, mixup loss: 0.7807
17-11-22 13:35:25: Trn - Target 120, DefRec loss: 0.0000
17-11-22 13:35:32: Val - Source 120, acc: 0.9410, avg acc: 0.8284, cls loss: 0.2309
17-11-22 13:35:45: Val - Target 120, acc: 0.8029, avg acc: 0.7817, cls loss: 0.6353
17-11-22 13:36:50: Trn - Source 121, total loss: 0.7647, mixup loss: 0.7647
17-11-22 13:36:50: Trn - Target 121, DefRec loss: 0.0000
17-11-22 13:36:57: Val - Source 121, acc: 0.9442, avg acc: 0.8480, cls loss: 0.2371
17-11-22 13:37:10: Val - Target 121, acc: 0.8101, avg acc: 0.7855, cls loss: 0.5818
17-11-22 13:38:08: Trn - Source 122, total loss: 0.7784, mixup loss: 0.7784
17-11-22 13:38:08: Trn - Target 122, DefRec loss: 0.0000
17-11-22 13:38:15: Val - Source 122, acc: 0.9430, avg acc: 0.8485, cls loss: 0.2394
17-11-22 13:38:28: Val - Target 122, acc: 0.7885, avg acc: 0.7705, cls loss: 0.6226
17-11-22 13:39:26: Trn - Source 123, total loss: 0.7554, mixup loss: 0.7554
17-11-22 13:39:26: Trn - Target 123, DefRec loss: 0.0000
17-11-22 13:39:32: Val - Source 123, acc: 0.9407, avg acc: 0.8430, cls loss: 0.2242
17-11-22 13:39:46: Val - Target 123, acc: 0.7933, avg acc: 0.7739, cls loss: 0.6210
17-11-22 13:40:44: Trn - Source 124, total loss: 0.7704, mixup loss: 0.7704
17-11-22 13:40:44: Trn - Target 124, DefRec loss: 0.0000
17-11-22 13:40:51: Val - Source 124, acc: 0.9424, avg acc: 0.8463, cls loss: 0.2382
17-11-22 13:41:04: Val - Target 124, acc: 0.8089, avg acc: 0.7880, cls loss: 0.6028
17-11-22 13:42:10: Trn - Source 125, total loss: 0.7616, mixup loss: 0.7616
17-11-22 13:42:10: Trn - Target 125, DefRec loss: 0.0000
17-11-22 13:42:16: Val - Source 125, acc: 0.9427, avg acc: 0.8446, cls loss: 0.2376
17-11-22 13:42:30: Val - Target 125, acc: 0.8029, avg acc: 0.7801, cls loss: 0.6123
17-11-22 13:43:35: Trn - Source 126, total loss: 0.7244, mixup loss: 0.7244
17-11-22 13:43:35: Trn - Target 126, DefRec loss: 0.0000
17-11-22 13:43:42: Val - Source 126, acc: 0.9433, avg acc: 0.8513, cls loss: 0.2375
17-11-22 13:43:55: Val - Target 126, acc: 0.8137, avg acc: 0.7919, cls loss: 0.5638
17-11-22 13:44:54: Trn - Source 127, total loss: 0.7277, mixup loss: 0.7277
17-11-22 13:44:54: Trn - Target 127, DefRec loss: 0.0000
17-11-22 13:45:01: Val - Source 127, acc: 0.9433, avg acc: 0.8327, cls loss: 0.2375
17-11-22 13:45:14: Val - Target 127, acc: 0.7957, avg acc: 0.7713, cls loss: 0.5971
17-11-22 13:46:15: Trn - Source 128, total loss: 0.7592, mixup loss: 0.7592
17-11-22 13:46:15: Trn - Target 128, DefRec loss: 0.0000
17-11-22 13:46:22: Val - Source 128, acc: 0.9433, avg acc: 0.8257, cls loss: 0.2335
17-11-22 13:46:36: Val - Target 128, acc: 0.7909, avg acc: 0.7665, cls loss: 0.6523
17-11-22 13:47:39: Trn - Source 129, total loss: 0.7192, mixup loss: 0.7192
17-11-22 13:47:39: Trn - Target 129, DefRec loss: 0.0000
17-11-22 13:47:46: Val - Source 129, acc: 0.9439, avg acc: 0.8353, cls loss: 0.2319
17-11-22 13:47:59: Val - Target 129, acc: 0.7993, avg acc: 0.7767, cls loss: 0.6343
17-11-22 13:49:02: Trn - Source 130, total loss: 0.7138, mixup loss: 0.7138
17-11-22 13:49:02: Trn - Target 130, DefRec loss: 0.0000
17-11-22 13:49:09: Val - Source 130, acc: 0.9407, avg acc: 0.8417, cls loss: 0.2315
17-11-22 13:49:22: Val - Target 130, acc: 0.8077, avg acc: 0.7803, cls loss: 0.5995
17-11-22 13:50:27: Trn - Source 131, total loss: 0.7553, mixup loss: 0.7553
17-11-22 13:50:27: Trn - Target 131, DefRec loss: 0.0000
17-11-22 13:50:34: Val - Source 131, acc: 0.9444, avg acc: 0.8497, cls loss: 0.2261
17-11-22 13:50:48: Val - Target 131, acc: 0.8209, avg acc: 0.7971, cls loss: 0.5639
17-11-22 13:51:51: Trn - Source 132, total loss: 0.7221, mixup loss: 0.7221
17-11-22 13:51:51: Trn - Target 132, DefRec loss: 0.0000
17-11-22 13:51:58: Val - Source 132, acc: 0.9436, avg acc: 0.8479, cls loss: 0.2307
17-11-22 13:52:11: Val - Target 132, acc: 0.8113, avg acc: 0.7899, cls loss: 0.5713
17-11-22 13:53:16: Trn - Source 133, total loss: 0.7604, mixup loss: 0.7604
17-11-22 13:53:16: Trn - Target 133, DefRec loss: 0.0000
17-11-22 13:53:23: Val - Source 133, acc: 0.9395, avg acc: 0.8465, cls loss: 0.2337
17-11-22 13:53:36: Val - Target 133, acc: 0.8293, avg acc: 0.8026, cls loss: 0.5370
17-11-22 13:54:34: Trn - Source 134, total loss: 0.7737, mixup loss: 0.7737
17-11-22 13:54:34: Trn - Target 134, DefRec loss: 0.0000
17-11-22 13:54:41: Val - Source 134, acc: 0.9407, avg acc: 0.8420, cls loss: 0.2260
17-11-22 13:54:54: Val - Target 134, acc: 0.8137, avg acc: 0.7846, cls loss: 0.5881
17-11-22 13:55:57: Trn - Source 135, total loss: 0.7437, mixup loss: 0.7437
17-11-22 13:55:57: Trn - Target 135, DefRec loss: 0.0000
17-11-22 13:56:04: Val - Source 135, acc: 0.9427, avg acc: 0.8433, cls loss: 0.2300
17-11-22 13:56:18: Val - Target 135, acc: 0.8125, avg acc: 0.7847, cls loss: 0.5733
17-11-22 13:57:20: Trn - Source 136, total loss: 0.7386, mixup loss: 0.7386
17-11-22 13:57:20: Trn - Target 136, DefRec loss: 0.0000
17-11-22 13:57:26: Val - Source 136, acc: 0.9444, avg acc: 0.8466, cls loss: 0.2311
17-11-22 13:57:40: Val - Target 136, acc: 0.8197, avg acc: 0.7985, cls loss: 0.5634
17-11-22 13:58:40: Trn - Source 137, total loss: 0.7374, mixup loss: 0.7374
17-11-22 13:58:40: Trn - Target 137, DefRec loss: 0.0000
17-11-22 13:58:47: Val - Source 137, acc: 0.9462, avg acc: 0.8527, cls loss: 0.2270
17-11-22 13:59:01: Val - Target 137, acc: 0.8257, avg acc: 0.7976, cls loss: 0.5477
17-11-22 14:00:05: Trn - Source 138, total loss: 0.7100, mixup loss: 0.7100
17-11-22 14:00:05: Trn - Target 138, DefRec loss: 0.0000
17-11-22 14:00:12: Val - Source 138, acc: 0.9433, avg acc: 0.8543, cls loss: 0.2338
17-11-22 14:00:25: Val - Target 138, acc: 0.8173, avg acc: 0.7857, cls loss: 0.5724
17-11-22 14:01:30: Trn - Source 139, total loss: 0.7038, mixup loss: 0.7038
17-11-22 14:01:30: Trn - Target 139, DefRec loss: 0.0000
17-11-22 14:01:37: Val - Source 139, acc: 0.9421, avg acc: 0.8399, cls loss: 0.2296
17-11-22 14:01:50: Val - Target 139, acc: 0.8173, avg acc: 0.7931, cls loss: 0.5580
17-11-22 14:02:57: Trn - Source 140, total loss: 0.7653, mixup loss: 0.7653
17-11-22 14:02:57: Trn - Target 140, DefRec loss: 0.0000
17-11-22 14:03:03: Val - Source 140, acc: 0.9447, avg acc: 0.8500, cls loss: 0.2334
17-11-22 14:03:17: Val - Target 140, acc: 0.8209, avg acc: 0.7952, cls loss: 0.5721
17-11-22 14:04:22: Trn - Source 141, total loss: 0.7382, mixup loss: 0.7382
17-11-22 14:04:22: Trn - Target 141, DefRec loss: 0.0000
17-11-22 14:04:29: Val - Source 141, acc: 0.9444, avg acc: 0.8453, cls loss: 0.2286
17-11-22 14:04:43: Val - Target 141, acc: 0.8233, avg acc: 0.7960, cls loss: 0.5557
17-11-22 14:05:47: Trn - Source 142, total loss: 0.7422, mixup loss: 0.7422
17-11-22 14:05:47: Trn - Target 142, DefRec loss: 0.0000
17-11-22 14:05:54: Val - Source 142, acc: 0.9436, avg acc: 0.8503, cls loss: 0.2222
17-11-22 14:06:07: Val - Target 142, acc: 0.8269, avg acc: 0.8002, cls loss: 0.5364
17-11-22 14:07:11: Trn - Source 143, total loss: 0.7320, mixup loss: 0.7320
17-11-22 14:07:11: Trn - Target 143, DefRec loss: 0.0000
17-11-22 14:07:17: Val - Source 143, acc: 0.9450, avg acc: 0.8555, cls loss: 0.2251
17-11-22 14:07:31: Val - Target 143, acc: 0.8293, avg acc: 0.8021, cls loss: 0.5346
17-11-22 14:08:36: Trn - Source 144, total loss: 0.7533, mixup loss: 0.7533
17-11-22 14:08:36: Trn - Target 144, DefRec loss: 0.0000
17-11-22 14:08:42: Val - Source 144, acc: 0.9430, avg acc: 0.8576, cls loss: 0.2280
17-11-22 14:08:56: Val - Target 144, acc: 0.8377, avg acc: 0.8133, cls loss: 0.5186
17-11-22 14:09:57: Trn - Source 145, total loss: 0.7387, mixup loss: 0.7387
17-11-22 14:09:57: Trn - Target 145, DefRec loss: 0.0000
17-11-22 14:10:04: Val - Source 145, acc: 0.9427, avg acc: 0.8600, cls loss: 0.2264
17-11-22 14:10:17: Val - Target 145, acc: 0.8365, avg acc: 0.8157, cls loss: 0.5367
17-11-22 14:11:23: Trn - Source 146, total loss: 0.7642, mixup loss: 0.7642
17-11-22 14:11:23: Trn - Target 146, DefRec loss: 0.0000
17-11-22 14:11:29: Val - Source 146, acc: 0.9416, avg acc: 0.8458, cls loss: 0.2344
17-11-22 14:11:43: Val - Target 146, acc: 0.8281, avg acc: 0.8058, cls loss: 0.5415
17-11-22 14:12:42: Trn - Source 147, total loss: 0.7459, mixup loss: 0.7459
17-11-22 14:12:42: Trn - Target 147, DefRec loss: 0.0000
17-11-22 14:12:49: Val - Source 147, acc: 0.9416, avg acc: 0.8560, cls loss: 0.2306
17-11-22 14:13:02: Val - Target 147, acc: 0.8317, avg acc: 0.8082, cls loss: 0.5288
17-11-22 14:14:06: Trn - Source 148, total loss: 0.7715, mixup loss: 0.7715
17-11-22 14:14:06: Trn - Target 148, DefRec loss: 0.0000
17-11-22 14:14:13: Val - Source 148, acc: 0.9424, avg acc: 0.8547, cls loss: 0.2312
17-11-22 14:14:27: Val - Target 148, acc: 0.8305, avg acc: 0.8055, cls loss: 0.5293
17-11-22 14:15:28: Trn - Source 149, total loss: 0.7718, mixup loss: 0.7718
17-11-22 14:15:28: Trn - Target 149, DefRec loss: 0.0000
17-11-22 14:15:34: Val - Source 149, acc: 0.9439, avg acc: 0.8519, cls loss: 0.2318
17-11-22 14:15:48: Val - Target 149, acc: 0.8269, avg acc: 0.8010, cls loss: 0.5552
17-11-22 14:15:48: Best model was found at epoch 137, source validation accuracy: 0.9462, source validation loss: 0.2270,target validation accuracy: 0.8257, target validation loss: 0.5477
17-11-22 14:15:48: Best validtion model confusion matrix:
17-11-22 14:15:48: 
[[ 20   0   0   0   0   0   0   0   0   0]
 [  6  60   0   0   4   0   0   0  24   9]
 [  0   0  64  41   0   0   7   0   0   2]
 [  0   0   0   9   1   0   0   0   0  30]
 [  1   0   0   0 174   0   0   0   0   2]
 [  0   0   0   1   0  23   0   0   0   0]
 [  0   0   0   2   0   0  91   0   0   0]
 [  0   0   0   0   0  12   0  33   3   0]
 [  0   0   0   0   0   0   0   0 136   0]
 [  0   0   0   0   0   0   0   0   0  77]]
17-11-22 14:16:02: Test - Target 0, acc: 0.7620, avg acc: 0.7844, cls loss: 0.7341
17-11-22 14:16:02: target test accuracy: 0.7620, target test loss: 0.5477
17-11-22 14:16:02: Test confusion matrix:
17-11-22 14:16:02: 
[[50  0  0  0  0  0  0  0  0  0]
 [ 6 48  0  0  5  0  0  0 26 15]
 [ 0  0 54 36  0  0  8  0  0  2]
 [ 0  0  0 27  1  0  0  0  0 58]
 [ 0  0  0  0 99  0  0  0  0  1]
 [ 1  0  0  1  0 18  0  0  0  0]
 [ 0  0  0  1  1  0 98  0  0  0]
 [ 1  1  0  0  0 20  5 66  1  6]
 [ 0  0  0  0  2  0  0  0 98  0]
 [ 0  0  0  0  0  0  0  0  0 76]]
